C:\Users\kentl\AppData\Local\Programs\CLion\bin\cmake\win\x64\bin\cmake.exe -DCMAKE_BUILD_TYPE=Debug -DCMAKE_MAKE_PROGRAM=C:/Users/kentl/AppData/Local/Programs/CLion/bin/ninja/win/x64/ninja.exe -DCMAKE_C_COMPILER=C:/software/useful/STMicroelectronics/STM32Cube/STM32CubeCLT/GNU-tools-for-STM32/bin/arm-none-eabi-gcc.exe -DCMAKE_CXX_COMPILER=C:/software/useful/STMicroelectronics/STM32Cube/STM32CubeCLT/GNU-tools-for-STM32/bin/arm-none-eabi-g++.exe -G Ninja -S D:\Data\SJTU\线性代数\chessgame -B D:\Data\SJTU\线性代数\chessgame\cmake-build-debug
-- The C compiler identification is GNU 10.3.1
-- The CXX compiler identification is GNU 10.3.1
-- Detecting C compiler ABI info
-- Detecting C compiler ABI info - failed
-- Check for working C compiler: C:/software/useful/STMicroelectronics/STM32Cube/STM32CubeCLT/GNU-tools-for-STM32/bin/arm-none-eabi-gcc.exe
-- Check for working C compiler: C:/software/useful/STMicroelectronics/STM32Cube/STM32CubeCLT/GNU-tools-for-STM32/bin/arm-none-eabi-gcc.exe - broken
CMake Error at C:/Users/kentl/AppData/Local/Programs/CLion/bin/cmake/win/x64/share/cmake-3.29/Modules/CMakeTestCCompiler.cmake:67 (message):
  The C compiler

    "C:/software/useful/STMicroelectronics/STM32Cube/STM32CubeCLT/GNU-tools-for-STM32/bin/arm-none-eabi-gcc.exe"

  is not able to compile a simple test program.

  It fails with the following output:

    Change Dir: 'D:/Data/SJTU/线性代数/chessgame/cmake-build-debug/CMakeFiles/CMakeScratch/TryCompile-n7x7zk'
    
    Run Build Command(s): C:/Users/kentl/AppData/Local/Programs/CLion/bin/ninja/win/x64/ninja.exe -v cmTC_b2af4
    [1/2] C:\software\useful\STMicroelectronics\STM32Cube\STM32CubeCLT\GNU-tools-for-STM32\bin\arm-none-eabi-gcc.exe   -fdiagnostics-color=always -o CMakeFiles/cmTC_b2af4.dir/testCCompiler.c.obj -c D:/Data/SJTU/线性代数/chessgame/cmake-build-debug/CMakeFiles/CMakeScratch/TryCompile-n7x7zk/testCCompiler.c
    FAILED: CMakeFiles/cmTC_b2af4.dir/testCCompiler.c.obj 
    C:\software\useful\STMicroelectronics\STM32Cube\STM32CubeCLT\GNU-tools-for-STM32\bin\arm-none-eabi-gcc.exe   -fdiagnostics-color=always -o CMakeFiles/cmTC_b2af4.dir/testCCompiler.c.obj -c D:/Data/SJTU/线性代数/chessgame/cmake-build-debug/CMakeFiles/CMakeScratch/TryCompile-n7x7zk/testCCompiler.c
    cc1.exe: fatal error: D:/Data/SJTU/çº¿æ§ä»£æ°/chessgame/cmake-build-debug/CMakeFiles/CMakeScratch/TryCompile-n7x7zk/testCCompiler.c: No such file or directory
    compilation terminated.
    ninja: build stopped: subcommand failed.
    
    

  

  CMake will not be able to correctly generate this project.
Call Stack (most recent call first):
  CMakeLists.txt:2 (project)


-- Configuring incomplete, errors occurred!
